# 
# 
#     Output. 
# 
#     EIIS (2023) 
# 
#     Max deflection = 0.031470386339436586 
# 
#     Max stress in x = 91672406.19355299 
# 
#     Max stress in y = 129078913.55546229 
# 
#    
#     x[m]    y[m]    P[N/m2]     Mx[N]       My[N]       Sigma x[N/m2]        Sigma y [Nm/m2] 
# 
#     
# 
#     
0.000000000000000000e+00,0.000000000000000000e+00,0.000000000000000000e+00,0.000000000000000000e+00,0.000000000000000000e+00,0.000000000000000000e+00,0.000000000000000000e+00
1.000000000000000056e-01,0.000000000000000000e+00,0.000000000000000000e+00,0.000000000000000000e+00,0.000000000000000000e+00,0.000000000000000000e+00,0.000000000000000000e+00
2.000000000000000111e-01,0.000000000000000000e+00,0.000000000000000000e+00,0.000000000000000000e+00,0.000000000000000000e+00,0.000000000000000000e+00,0.000000000000000000e+00
3.000000000000000444e-01,0.000000000000000000e+00,0.000000000000000000e+00,0.000000000000000000e+00,0.000000000000000000e+00,0.000000000000000000e+00,0.000000000000000000e+00
4.000000000000000222e-01,0.000000000000000000e+00,0.000000000000000000e+00,0.000000000000000000e+00,0.000000000000000000e+00,0.000000000000000000e+00,0.000000000000000000e+00
5.000000000000000000e-01,0.000000000000000000e+00,0.000000000000000000e+00,0.000000000000000000e+00,0.000000000000000000e+00,0.000000000000000000e+00,0.000000000000000000e+00
6.000000000000000888e-01,0.000000000000000000e+00,0.000000000000000000e+00,0.000000000000000000e+00,0.000000000000000000e+00,0.000000000000000000e+00,0.000000000000000000e+00
7.000000000000000666e-01,0.000000000000000000e+00,0.000000000000000000e+00,0.000000000000000000e+00,0.000000000000000000e+00,0.000000000000000000e+00,0.000000000000000000e+00
8.000000000000000444e-01,0.000000000000000000e+00,0.000000000000000000e+00,0.000000000000000000e+00,0.000000000000000000e+00,0.000000000000000000e+00,0.000000000000000000e+00
9.000000000000000222e-01,0.000000000000000000e+00,0.000000000000000000e+00,0.000000000000000000e+00,0.000000000000000000e+00,0.000000000000000000e+00,0.000000000000000000e+00
1.000000000000000000e+00,0.000000000000000000e+00,0.000000000000000000e+00,0.000000000000000000e+00,0.000000000000000000e+00,0.000000000000000000e+00,0.000000000000000000e+00
1.100000000000000089e+00,0.000000000000000000e+00,0.000000000000000000e+00,0.000000000000000000e+00,0.000000000000000000e+00,0.000000000000000000e+00,0.000000000000000000e+00
1.200000000000000178e+00,0.000000000000000000e+00,0.000000000000000000e+00,0.000000000000000000e+00,0.000000000000000000e+00,0.000000000000000000e+00,0.000000000000000000e+00
1.300000000000000044e+00,0.000000000000000000e+00,0.000000000000000000e+00,0.000000000000000000e+00,0.000000000000000000e+00,0.000000000000000000e+00,0.000000000000000000e+00
1.400000000000000133e+00,0.000000000000000000e+00,0.000000000000000000e+00,0.000000000000000000e+00,0.000000000000000000e+00,0.000000000000000000e+00,0.000000000000000000e+00
1.500000000000000000e+00,0.000000000000000000e+00,0.000000000000000000e+00,0.000000000000000000e+00,0.000000000000000000e+00,0.000000000000000000e+00,0.000000000000000000e+00
1.600000000000000089e+00,0.000000000000000000e+00,0.000000000000000000e+00,0.000000000000000000e+00,0.000000000000000000e+00,0.000000000000000000e+00,0.000000000000000000e+00
1.700000000000000178e+00,0.000000000000000000e+00,0.000000000000000000e+00,0.000000000000000000e+00,0.000000000000000000e+00,0.000000000000000000e+00,0.000000000000000000e+00
1.800000000000000044e+00,0.000000000000000000e+00,0.000000000000000000e+00,0.000000000000000000e+00,0.000000000000000000e+00,0.000000000000000000e+00,0.000000000000000000e+00
1.900000000000000133e+00,0.000000000000000000e+00,0.000000000000000000e+00,0.000000000000000000e+00,0.000000000000000000e+00,0.000000000000000000e+00,0.000000000000000000e+00
2.000000000000000000e+00,0.000000000000000000e+00,0.000000000000000000e+00,0.000000000000000000e+00,0.000000000000000000e+00,0.000000000000000000e+00,0.000000000000000000e+00
0.000000000000000000e+00,5.000000000000000278e-02,0.000000000000000000e+00,0.000000000000000000e+00,0.000000000000000000e+00,0.000000000000000000e+00,0.000000000000000000e+00
1.000000000000000056e-01,5.000000000000000278e-02,2.307908579330186058e+03,2.522846647872138303e+06,2.738249774393239059e+06,2.522846647872138303e+06,2.738249774393239059e+06
2.000000000000000111e-01,5.000000000000000278e-02,1.640550996885474206e+03,4.615083468519779854e+06,5.816406090677888133e+06,4.615083468519779854e+06,5.816406090677888133e+06
3.000000000000000444e-01,5.000000000000000278e-02,-2.176250899482822206e+03,6.079444966692046262e+06,9.032844487700780854e+06,6.079444966692046262e+06,9.032844487700780854e+06
4.000000000000000222e-01,5.000000000000000278e-02,-6.354187356705841012e+03,6.979069522079649381e+06,1.158946034119349904e+07,6.979069522079649381e+06,1.158946034119349904e+07
5.000000000000000000e-01,5.000000000000000278e-02,-7.703292443218175322e+03,7.456570368240531534e+06,1.258521636137611419e+07,7.456570368240531534e+06,1.258521636137611419e+07
6.000000000000000888e-01,5.000000000000000278e-02,-5.426988693178611356e+03,7.543081300635576248e+06,1.165214933986998908e+07,7.543081300635576248e+06,1.165214933986998908e+07
7.000000000000000666e-01,5.000000000000000278e-02,-1.581138830084187248e+03,7.148864360258253291e+06,9.224445332478329539e+06,7.148864360258253291e+06,9.224445332478329539e+06
8.000000000000000444e-01,5.000000000000000278e-02,1.005330943875170988e+03,6.228601159783155657e+06,6.258098377755494788e+06,6.228601159783155657e+06,6.258098377755494788e+06
9.000000000000000222e-01,5.000000000000000278e-02,1.175938156275260098e+03,4.933279330414377153e+06,3.662059670051609632e+06,4.933279330414377153e+06,3.662059670051609632e+06
1.000000000000000000e+00,5.000000000000000278e-02,0.000000000000000000e+00,3.580200732152341399e+06,1.878851211447149515e+06,3.580200732152341399e+06,1.878851211447149515e+06
1.100000000000000089e+00,5.000000000000000278e-02,-7.498849545292810035e+02,2.463346901495219208e+06,8.564536563122012885e+05,2.463346901495219208e+06,8.564536563122012885e+05
1.200000000000000178e+00,5.000000000000000278e-02,-3.938614475399119783e+02,1.685100023067939328e+06,3.108148346237078076e+05,1.685100023067939328e+06,3.108148346237078076e+05
1.300000000000000044e+00,5.000000000000000278e-02,3.446842807203533994e+02,1.158274950466339244e+06,-2.795405887463968497e+02,1.158274950466339244e+06,-2.795405887463968497e+02
1.400000000000000133e+00,5.000000000000000278e-02,5.000853904561608942e+02,7.508521926960254787e+05,-1.803046070532561862e+05,7.508521926960254787e+05,-1.803046070532561862e+05
1.500000000000000000e+00,5.000000000000000278e-02,-2.046363078989088535e-12,4.152564064950116444e+05,-2.530213572792394261e+05,4.152564064950116444e+05,-2.530213572792394261e+05
1.600000000000000089e+00,5.000000000000000278e-02,-4.271132730710623946e+02,1.868404141401030065e+05,-2.429936057297493680e+05,1.868404141401030065e+05,-2.429936057297493680e+05
1.700000000000000178e+00,5.000000000000000278e-02,-2.504277886782761868e+02,8.885555690013138519e+04,-1.918803853663025657e+05,8.885555690013138519e+04,-1.918803853663025657e+05
1.800000000000000044e+00,5.000000000000000278e-02,2.413586054703937407e+02,7.158233180456525588e+04,-1.308774524538970145e+05,7.158233180456525588e+04,-1.308774524538970145e+05
1.900000000000000133e+00,5.000000000000000278e-02,3.820854685256445009e+02,5.291421895298249729e+04,-6.735623934616970655e+04,5.291421895298249729e+04,-6.735623934616970655e+04
2.000000000000000000e+00,5.000000000000000278e-02,3.907613054832647522e-13,4.810116724013614335e-11,-5.332239689756124587e-11,4.810116724013614335e-11,-5.332239689756124587e-11
0.000000000000000000e+00,1.000000000000000056e-01,0.000000000000000000e+00,0.000000000000000000e+00,0.000000000000000000e+00,0.000000000000000000e+00,0.000000000000000000e+00
1.000000000000000056e-01,1.000000000000000056e-01,1.481305252752574461e+03,4.707881995842372067e+06,4.994780447666155174e+06,4.707881995842372067e+06,4.994780447666155174e+06
2.000000000000000111e-01,1.000000000000000056e-01,1.052969268739500421e+03,9.020358678594896570e+06,1.112538637719833665e+07,9.020358678594896570e+06,1.112538637719833665e+07
3.000000000000000444e-01,1.000000000000000056e-01,-1.396802246667421741e+03,1.257142381715421379e+07,1.802491378823375329e+07,1.257142381715421379e+07,1.802491378823375329e+07
4.000000000000000222e-01,1.000000000000000056e-01,-4.078363932073126307e+03,1.504940743551453575e+07,2.369031003929863870e+07,1.504940743551453575e+07,2.369031003929863870e+07
5.000000000000000000e-01,1.000000000000000056e-01,-4.944271909999157288e+03,1.623051571431144886e+07,2.585279694502286613e+07,1.623051571431144886e+07,2.585279694502286613e+07
6.000000000000000888e-01,1.000000000000000056e-01,-3.483251862674492713e+03,1.603663205484580994e+07,2.366481046946388856e+07,1.603663205484580994e+07,2.366481046946388856e+07
7.000000000000000666e-01,1.000000000000000056e-01,-1.014836235417313219e+03,1.460104713190197758e+07,1.830033389980040491e+07,1.460104713190197758e+07,1.830033389980040491e+07
8.000000000000000444e-01,1.000000000000000056e-01,6.452603977706934302e+02,1.228657727040827647e+07,1.207862218169038370e+07,1.228657727040827647e+07,1.207862218169038370e+07
9.000000000000000222e-01,1.000000000000000056e-01,7.547627247472134968e+02,9.605372011598566547e+06,6.964180881765517406e+06,9.605372011598566547e+06,6.964180881765517406e+06
1.000000000000000000e+00,1.000000000000000056e-01,-9.094947017729282379e-13,7.053860672575385310e+06,3.656909327778031584e+06,7.053860672575385310e+06,3.656909327778031584e+06
1.100000000000000089e+00,1.000000000000000056e-01,-4.813052527525757114e+02,4.950341265611042269e+06,1.775833398092455929e+06,4.950341265611042269e+06,1.775833398092455929e+06
1.200000000000000178e+00,1.000000000000000056e-01,-2.527955553884769415e+02,3.374441416862414684e+06,6.561175323679026915e+05,3.374441416862414684e+06,6.561175323679026915e+05
1.300000000000000044e+00,1.000000000000000056e-01,2.212317420824733745e+02,2.236309265741721261e+06,-6.467546467120385933e+04,2.236309265741721261e+06,-6.467546467120385933e+04
1.400000000000000133e+00,1.000000000000000056e-01,3.209742025061173649e+02,1.407583691039877245e+06,-4.384619794475253439e+05,1.407583691039877245e+06,-4.384619794475253439e+05
1.500000000000000000e+00,1.000000000000000056e-01,-2.273736754432320595e-13,8.111014739659681218e+05,-5.005268165742449346e+05,8.111014739659681218e+05,-5.005268165742449346e+05
1.600000000000000089e+00,1.000000000000000056e-01,-2.741378668925146940e+02,4.203590717085849610e+05,-4.129624096127899247e+05,4.203590717085849610e+05,-4.129624096127899247e+05
1.700000000000000178e+00,1.000000000000000056e-01,-1.607342691676310835e+02,2.066859509939585405e+05,-3.400955762378649670e+05,2.066859509939585405e+05,-3.400955762378649670e+05
1.800000000000000044e+00,1.000000000000000056e-01,1.549133155803308455e+02,1.082228250490396749e+05,-2.971182721241489053e+05,1.082228250490396749e+05,-2.971182721241489053e+05
1.900000000000000133e+00,1.000000000000000056e-01,2.452372752527865032e+02,5.285124985485331126e+04,-1.935670360069013259e+05,5.285124985485331126e+04,-1.935670360069013259e+05
2.000000000000000000e+00,1.000000000000000056e-01,2.508057639582976055e-13,4.220447591292349747e-11,-1.671425076996300442e-10,4.220447591292349747e-11,-1.671425076996300442e-10
0.000000000000000000e+00,1.500000000000000222e-01,0.000000000000000000e+00,0.000000000000000000e+00,0.000000000000000000e+00,0.000000000000000000e+00,0.000000000000000000e+00
1.000000000000000056e-01,1.500000000000000222e-01,-1.581138830084189749e+03,6.640914626589910127e+06,6.709576655822337605e+06,6.640914626589910127e+06,6.709576655822337605e+06
2.000000000000000111e-01,1.500000000000000222e-01,-1.123934850427124957e+03,1.325627397575524263e+07,1.582512880896442197e+07,1.325627397575524263e+07,1.582512880896442197e+07
3.000000000000000444e-01,1.500000000000000222e-01,1.490940686297282582e+03,1.933331076794676110e+07,2.686017785789429396e+07,1.933331076794676110e+07,2.686017785789429396e+07
4.000000000000000222e-01,1.500000000000000222e-01,4.353228049541493419e+03,2.387236390902401879e+07,3.619507592515165359e+07,2.387236390902401879e+07,3.619507592515165359e+07
5.000000000000000000e-01,1.500000000000000222e-01,5.277494485938997059e+03,2.591571362036815658e+07,3.970968728665132076e+07,2.591571362036815658e+07,3.970968728665132076e+07
6.000000000000000888e-01,1.500000000000000222e-01,3.718007996531186564e+03,2.516964576078622788e+07,3.594669688013637066e+07,2.516964576078622788e+07,3.594669688013637066e+07
7.000000000000000666e-01,1.500000000000000222e-01,1.083231815328471612e+03,2.221067851162113994e+07,2.711900504238358885e+07,2.221067851162113994e+07,2.711900504238358885e+07
8.000000000000000444e-01,1.500000000000000222e-01,-6.887481621596787136e+02,1.813801978616826981e+07,1.732835973320112750e+07,1.813801978616826981e+07,1.732835973320112750e+07
9.000000000000000222e-01,1.500000000000000222e-01,-8.056304731117418214e+02,1.398626859900709614e+07,9.764061205216525123e+06,1.398626859900709614e+07,9.764061205216525123e+06
1.000000000000000000e+00,1.500000000000000222e-01,-5.684341886080801487e-14,1.034314783685303293e+07,5.213790345346606337e+06,1.034314783685303293e+07,5.213790345346606337e+06
1.100000000000000089e+00,1.500000000000000222e-01,5.137431483730068749e+02,7.361123766083507799e+06,2.685532153845746070e+06,7.361123766083507799e+06,2.685532153845746070e+06
1.200000000000000178e+00,1.500000000000000222e-01,2.698328841774400644e+02,4.999768134389521554e+06,1.013856588865297381e+06,4.999768134389521554e+06,1.013856588865297381e+06
1.300000000000000044e+00,1.500000000000000222e-01,-2.361418061562747823e+02,3.214716735798311885e+06,-1.852715111897828465e+05,3.214716735798311885e+06,-1.852715111897828465e+05
1.400000000000000133e+00,1.500000000000000222e-01,-3.426064776957205140e+02,1.970514849268979393e+06,-7.633535535566133913e+05,1.970514849268979393e+06,-7.633535535566133913e+05
1.500000000000000000e+00,1.500000000000000222e-01,1.477928890381008387e-12,1.174079734569659922e+06,-7.418077177539038239e+05,1.174079734569659922e+06,-7.418077177539038239e+05
1.600000000000000089e+00,1.500000000000000222e-01,2.926135753145855460e+02,6.732329975067626219e+05,-5.149745085413547349e+05,6.732329975067626219e+05,-5.149745085413547349e+05
1.700000000000000178e+00,1.500000000000000222e-01,1.715670648125317257e+02,3.373489921239314135e+05,-4.440986956790914410e+05,3.373489921239314135e+05,-4.440986956790914410e+05
1.800000000000000044e+00,1.500000000000000222e-01,-1.653538040900067756e+02,1.180223239764880273e+05,-4.893743353714063414e+05,1.180223239764880273e+05,-4.893743353714063414e+05
1.900000000000000133e+00,1.500000000000000222e-01,-2.617652085994410527e+02,1.576979366631990342e+04,-3.689523955484415055e+05,1.576979366631990342e+04,-3.689523955484415055e+05
2.000000000000000000e+00,1.500000000000000222e-01,-2.677089893973593619e-13,-1.029357957698163435e-12,-3.322173986892728812e-10,-1.029357957698163435e-12,-3.322173986892728812e-10
0.000000000000000000e+00,2.000000000000000111e-01,0.000000000000000000e+00,0.000000000000000000e+00,0.000000000000000000e+00,0.000000000000000000e+00,0.000000000000000000e+00
1.000000000000000056e-01,2.000000000000000111e-01,-2.817610026505151382e+03,8.703254618091216311e+06,8.077648013833306730e+06,8.703254618091216311e+06,8.077648013833306730e+06
2.000000000000000111e-01,2.000000000000000111e-01,-2.002866568986488574e+03,1.753551698564402759e+07,2.005162290594172105e+07,1.753551698564402759e+07,2.005162290594172105e+07
3.000000000000000444e-01,2.000000000000000111e-01,2.656875757337522373e+03,2.582863017562659457e+07,3.535419310978914797e+07,2.582863017562659457e+07,3.535419310978914797e+07
4.000000000000000222e-01,2.000000000000000111e-01,7.757509186842545205e+03,3.210198300182995945e+07,4.858340104656603932e+07,3.210198300182995945e+07,4.858340104656603932e+07
5.000000000000000000e-01,2.000000000000000111e-01,9.404564036679565106e+03,3.489422301858320832e+07,5.354900051089660078e+07,3.489422301858320832e+07,5.354900051089660078e+07
6.000000000000000888e-01,2.000000000000000111e-01,6.625538763787617427e+03,3.374494511231331527e+07,4.809595244790005684e+07,3.374494511231331527e+07,4.809595244790005684e+07
7.000000000000000666e-01,2.000000000000000111e-01,1.930333229332156861e+03,2.951581676895148680e+07,3.557592342586535960e+07,2.951581676895148680e+07,3.557592342586535960e+07
8.000000000000000444e-01,2.000000000000000111e-01,-1.227358212014040873e+03,2.383936948937850073e+07,2.205632115471891686e+07,2.383936948937850073e+07,2.205632115471891686e+07
9.000000000000000222e-01,2.000000000000000111e-01,-1.435644015255045360e+03,1.820468213923709467e+07,1.206067443996802904e+07,1.820468213923709467e+07,1.206067443996802904e+07
1.000000000000000000e+00,2.000000000000000111e-01,0.000000000000000000e+00,1.338725674241455644e+07,6.429865915948492475e+06,1.338725674241455644e+07,6.429865915948492475e+06
1.100000000000000089e+00,2.000000000000000111e-01,9.154969939148438698e+02,9.508432797500530258e+06,3.440918815448539797e+06,9.508432797500530258e+06,3.440918815448539797e+06
1.200000000000000178e+00,2.000000000000000111e-01,4.808457204853268649e+02,6.444092512692698278e+06,1.333627103594969725e+06,6.444092512692698278e+06,1.333627103594969725e+06
1.300000000000000044e+00,2.000000000000000111e-01,-4.208077798377298677e+02,4.120313212349224370e+06,-3.078557508171935333e+05,4.120313212349224370e+06,-3.078557508171935333e+05
1.400000000000000133e+00,2.000000000000000111e-01,-6.105292137121666656e+02,2.508894224327204283e+06,-1.089103278373875655e+06,2.508894224327204283e+06,-1.089103278373875655e+06
1.500000000000000000e+00,2.000000000000000111e-01,1.364242052659392357e-12,1.495714588851783890e+06,-9.790465934296194464e+05,1.495714588851783890e+06,-9.790465934296194464e+05
1.600000000000000089e+00,2.000000000000000111e-01,5.214412093427590662e+02,8.659321138438456692e+05,-6.016546797079056269e+05,8.659321138438456692e+05,-6.016546797079056269e+05
1.700000000000000178e+00,2.000000000000000111e-01,3.057347481676280267e+02,4.331266190243276651e+05,-5.295860668934236746e+05,4.331266190243276651e+05,-5.295860668934236746e+05
1.800000000000000044e+00,2.000000000000000111e-01,-2.946626364871231090e+02,1.402400089582311048e+05,-6.710711451822314411e+05,1.402400089582311048e+05,-6.710711451822314411e+05
1.900000000000000133e+00,2.000000000000000111e-01,-4.664690173352616966e+02,7.005276354646243817e+03,-5.421076106861733133e+05,7.005276354646243817e+03,-5.421076106861733133e+05
2.000000000000000000e+00,2.000000000000000111e-01,-4.770609122738441661e-13,-1.439436821769225710e-11,-4.968460631108786537e-10,-1.439436821769225710e-11,-4.968460631108786537e-10
0.000000000000000000e+00,2.500000000000000000e-01,0.000000000000000000e+00,0.000000000000000000e+00,0.000000000000000000e+00,0.000000000000000000e+00,0.000000000000000000e+00
1.000000000000000056e-01,2.500000000000000000e-01,-2.273736754432320595e-13,1.100079720211703144e+07,8.961542306942583993e+06,1.100079720211703144e+07,8.961542306942583993e+06
2.000000000000000111e-01,2.500000000000000000e-01,-2.273736754432320595e-13,2.189417879137029126e+07,2.360181025610687584e+07,2.189417879137029126e+07,2.360181025610687584e+07
3.000000000000000444e-01,2.500000000000000000e-01,5.684341886080801487e-14,3.184086253299599513e+07,4.332233407975881547e+07,3.184086253299599513e+07,4.332233407975881547e+07
4.000000000000000222e-01,2.500000000000000000e-01,-6.821210263296961784e-13,3.925632820153634995e+07,6.072101549984476715e+07,3.925632820153634995e+07,6.072101549984476715e+07
5.000000000000000000e-01,2.500000000000000000e-01,0.000000000000000000e+00,4.259724015412874520e+07,6.725470168432556093e+07,4.259724015412874520e+07,6.725470168432556093e+07
6.000000000000000888e-01,2.500000000000000000e-01,-2.273736754432320595e-13,4.132999323794657737e+07,5.996471244260935485e+07,4.132999323794657737e+07,5.996471244260935485e+07
7.000000000000000666e-01,2.500000000000000000e-01,-4.547473508864641190e-13,3.631615100571095943e+07,4.347963161190938950e+07,3.631615100571095943e+07,4.347963161190938950e+07
8.000000000000000444e-01,2.500000000000000000e-01,-2.273736754432320595e-13,2.934785005678026006e+07,2.606779347681791708e+07,2.934785005678026006e+07,2.606779347681791708e+07
9.000000000000000222e-01,2.500000000000000000e-01,0.000000000000000000e+00,2.223415354456420243e+07,1.371206457818509080e+07,2.223415354456420243e+07,1.371206457818509080e+07
1.000000000000000000e+00,2.500000000000000000e-01,0.000000000000000000e+00,1.610250799537102506e+07,7.240499259806912392e+06,1.610250799537102506e+07,7.240499259806912392e+06
1.100000000000000089e+00,2.500000000000000000e-01,0.000000000000000000e+00,1.128401327743120492e+07,4.034010600559336133e+06,1.128401327743120492e+07,4.034010600559336133e+06
1.200000000000000178e+00,2.500000000000000000e-01,4.547473508864641190e-13,7.642915039941645227e+06,1.624355058726250660e+06,7.642915039941645227e+06,1.624355058726250660e+06
1.300000000000000044e+00,2.500000000000000000e-01,0.000000000000000000e+00,4.950628096528111026e+06,-4.306958378993378719e+05,4.950628096528111026e+06,-4.306958378993378719e+05
1.400000000000000133e+00,2.500000000000000000e-01,2.273736754432320595e-13,3.039353494090127759e+06,-1.419300117607613327e+06,3.039353494090127759e+06,-1.419300117607613327e+06
1.500000000000000000e+00,2.500000000000000000e-01,0.000000000000000000e+00,1.766474870028960286e+06,-1.209845260040499968e+06,1.766474870028960286e+06,-1.209845260040499968e+06
1.600000000000000089e+00,2.500000000000000000e-01,0.000000000000000000e+00,9.656884576798970811e+05,-6.629970603722280357e+05,9.656884576798970811e+05,-6.629970603722280357e+05
1.700000000000000178e+00,2.500000000000000000e-01,3.979039320256561041e-13,4.753396238131262944e+05,-5.879933700499574188e+05,4.753396238131262944e+05,-5.879933700499574188e+05
1.800000000000000044e+00,2.500000000000000000e-01,2.273736754432320595e-13,1.892437745316739893e+05,-8.416281619847859256e+05,1.892437745316739893e+05,-8.416281619847859256e+05
1.900000000000000133e+00,2.500000000000000000e-01,2.273736754432320595e-13,5.065693498404847924e+04,-7.165116706831594929e+05,5.065693498404847924e+04,-7.165116706831594929e+05
2.000000000000000000e+00,2.500000000000000000e-01,0.000000000000000000e+00,2.688405177478868984e-11,-6.651314989683201982e-10,2.688405177478868984e-11,-6.651314989683201982e-10
0.000000000000000000e+00,3.000000000000000444e-01,0.000000000000000000e+00,0.000000000000000000e+00,0.000000000000000000e+00,0.000000000000000000e+00,0.000000000000000000e+00
1.000000000000000056e-01,3.000000000000000444e-01,3.878107499419997112e+03,1.302391900804466195e+07,8.662240479300893843e+06,1.302391900804466195e+07,8.662240479300893843e+06
2.000000000000000111e-01,3.000000000000000444e-01,2.756709334669137206e+03,2.596526141421786323e+07,2.570925217323987186e+07,2.596526141421786323e+07,2.570925217323987186e+07
3.000000000000000444e-01,3.000000000000000444e-01,-3.656875757337526011e+03,3.784164037748863548e+07,5.060665090984222293e+07,3.784164037748863548e+07,5.060665090984222293e+07
4.000000000000000222e-01,3.000000000000000444e-01,-1.067729539265912172e+04,4.673611555590122938e+07,7.316779219696503878e+07,4.673611555590122938e+07,7.316779219696503878e+07
5.000000000000000000e-01,3.000000000000000444e-01,-1.294427190999915911e+04,5.073970294915034622e+07,8.158350169822861254e+07,5.073970294915034622e+07,8.158350169822861254e+07
6.000000000000000888e-01,3.000000000000000444e-01,-9.119271767858213934e+03,4.914472003757546097e+07,7.186561966319106519e+07,4.914472003757546097e+07,7.186561966319106519e+07
7.000000000000000666e-01,3.000000000000000444e-01,-2.656875757337516916e+03,4.296033702021757513e+07,5.050702986405055225e+07,4.296033702021757513e+07,5.050702986405055225e+07
8.000000000000000444e-01,3.000000000000000444e-01,1.689313652957954218e+03,3.438967585436715186e+07,2.876125514116023108e+07,3.438967585436715186e+07,2.876125514116023108e+07
9.000000000000000222e-01,3.000000000000000444e-01,1.975994466829687781e+03,2.571141443212428689e+07,1.434067174061728455e+07,2.571141443212428689e+07,1.434067174061728455e+07
1.000000000000000000e+00,3.000000000000000444e-01,3.410605131648480892e-13,1.836873375812193751e+07,7.676006875133938156e+06,1.836873375812193751e+07,7.676006875133938156e+06
1.100000000000000089e+00,3.000000000000000444e-01,-1.260073510670098813e+03,1.276325786336231604e+07,4.685925253564540297e+06,1.276325786336231604e+07,4.685925253564540297e+06
1.200000000000000178e+00,3.000000000000000444e-01,-6.618273562119391045e+02,8.645540936877992004e+06,1.987527397845275467e+06,8.645540936877992004e+06,1.987527397845275467e+06
1.300000000000000044e+00,3.000000000000000444e-01,5.791922201622667217e+02,5.629151645666748285e+06,-6.506153027323695133e+05,5.629151645666748285e+06,-6.506153027323695133e+05
1.400000000000000133e+00,3.000000000000000444e-01,8.403213716729064799e+02,3.454722611046445090e+06,-1.880346254318440100e+06,3.454722611046445090e+06,-1.880346254318440100e+06
1.500000000000000000e+00,3.000000000000000444e-01,-3.183231456205248833e-12,1.973645337572571356e+06,-1.422295661231840728e+06,1.973645337572571356e+06,-1.422295661231840728e+06
1.600000000000000089e+00,3.000000000000000444e-01,-7.177022531279963005e+02,1.046118129372200230e+06,-5.781737205445171567e+05,1.046118129372200230e+06,-5.781737205445171567e+05
1.700000000000000178e+00,3.000000000000000444e-01,-4.208077798377305498e+02,5.104550029377915198e+05,-5.509942569407343399e+05,5.104550029377915198e+05,-5.509942569407343399e+05
1.800000000000000044e+00,3.000000000000000444e-01,4.055683254992449633e+02,2.211264967287229956e+05,-1.064475570075102150e+06,2.211264967287229956e+05,-1.064475570075102150e+06
1.900000000000000133e+00,3.000000000000000444e-01,6.420395219202098360e+02,7.576243928270523611e+04,-9.925060077518358594e+05,7.576243928270523611e+04,-9.925060077518358594e+05
2.000000000000000000e+00,3.000000000000000444e-01,6.566180146172030554e-13,4.995237317008635667e-11,-9.395490084828062708e-10,4.995237317008635667e-11,-9.395490084828062708e-10
0.000000000000000000e+00,3.500000000000000333e-01,0.000000000000000000e+00,0.000000000000000000e+00,0.000000000000000000e+00,0.000000000000000000e+00,0.000000000000000000e+00
1.000000000000000056e-01,3.500000000000000333e-01,3.103159678585348502e+03,1.401427362881160900e+07,6.523062508047830313e+06,1.401427362881160900e+07,6.523062508047830313e+06
2.000000000000000111e-01,3.500000000000000333e-01,2.205846344951628907e+03,2.916590856845586747e+07,2.563697643782971799e+07,2.916590856845586747e+07,2.563697643782971799e+07
3.000000000000000444e-01,3.500000000000000333e-01,-2.926135854012102754e+03,4.441970202046262473e+07,5.700204207301012427e+07,4.441970202046262473e+07,5.700204207301012427e+07
4.000000000000000222e-01,3.500000000000000333e-01,-8.543691102889817557e+03,5.643318777747078985e+07,8.634237642552058399e+07,5.643318777747078985e+07,8.634237642552058399e+07
5.000000000000000000e-01,3.500000000000000333e-01,-1.035766612084936787e+04,6.164718394856496155e+07,9.710419831965833902e+07,6.164718394856496155e+07,9.710419831965833902e+07
6.000000000000000888e-01,3.500000000000000333e-01,-7.297001553544252602e+03,5.881379014716485143e+07,8.395763896489025652e+07,5.881379014716485143e+07,8.395763896489025652e+07
7.000000000000000666e-01,3.500000000000000333e-01,-2.125962140661072226e+03,4.986410961520468444e+07,5.627535620493287593e+07,4.986410961520468444e+07,5.627535620493287593e+07
8.000000000000000444e-01,3.500000000000000333e-01,1.351744378701948335e+03,3.854897056114277989e+07,2.957261532771993056e+07,3.854897056114277989e+07,2.957261532771993056e+07
9.000000000000000222e-01,3.500000000000000333e-01,1.581138830084184292e+03,2.814863067629153281e+07,1.365681400706444308e+07,2.814863067629153281e+07,1.365681400706444308e+07
1.000000000000000000e+00,3.500000000000000333e-01,9.094947017729282379e-13,2.007478369980283454e+07,7.846796376453638077e+06,2.007478369980283454e+07,7.846796376453638077e+06
1.100000000000000089e+00,3.500000000000000333e-01,-1.008277700128153356e+03,1.410949222174233757e+07,5.657268826045888476e+06,1.410949222174233757e+07,5.657268826045888476e+06
1.200000000000000178e+00,3.500000000000000333e-01,-5.295768532173985932e+02,9.553097477672116831e+06,2.526920786743916105e+06,9.553097477672116831e+06,2.526920786743916105e+06
1.300000000000000044e+00,3.500000000000000333e-01,4.634543895512629206e+02,6.055594764636441134e+06,-1.075660640442810953e+06,6.055594764636441134e+06,-1.075660640442810953e+06
1.400000000000000133e+00,3.500000000000000333e-01,6.724030723797345672e+02,3.605509354321517050e+06,-2.603309354624147527e+06,3.605509354321517050e+06,-2.603309354624147527e+06
1.500000000000000000e+00,3.500000000000000333e-01,-1.591615728102624416e-12,2.108431156526803970e+06,-1.598745009056052193e+06,2.108431156526803970e+06,-1.598745009056052193e+06
1.600000000000000089e+00,3.500000000000000333e-01,-5.742864769658244768e+02,1.224906984627427766e+06,-2.185718939938460826e+05,1.224906984627427766e+06,-2.185718939938460826e+05
1.700000000000000178e+00,3.500000000000000333e-01,-3.367193237997578876e+02,6.111871698943633819e+05,-3.489747723656287999e+05,6.111871698943633819e+05,-3.489747723656287999e+05
1.800000000000000044e+00,3.500000000000000333e-01,3.245251130322876634e+02,1.700354849852026673e+05,-1.408718103146327194e+06,1.700354849852026673e+05,-1.408718103146327194e+06
1.900000000000000133e+00,3.500000000000000333e-01,5.137431483730097170e+02,-2.486482573758723811e+04,-1.476482672970714048e+06,-2.486482573758723811e+04,-1.476482672970714048e+06
2.000000000000000000e+00,3.500000000000000333e-01,5.254084750094247375e-13,-5.525636532938881967e-11,-1.428323252890945460e-09,-5.525636532938881967e-11,-1.428323252890945460e-09
0.000000000000000000e+00,4.000000000000000222e-01,0.000000000000000000e+00,0.000000000000000000e+00,0.000000000000000000e+00,0.000000000000000000e+00,0.000000000000000000e+00
1.000000000000000056e-01,4.000000000000000222e-01,-4.558988789927829202e+03,1.373612235433870554e+07,2.884083504412508104e+06,1.373612235433870554e+07,2.884083504412508104e+06
2.000000000000000111e-01,4.000000000000000222e-01,-3.240706183551027607e+03,3.114606297392754629e+07,2.361778122405820712e+07,3.114606297392754629e+07,2.361778122405820712e+07
3.000000000000000444e-01,4.000000000000000222e-01,4.298915279257732436e+03,5.124733343786605448e+07,6.215268050520480424e+07,5.124733343786605448e+07,6.215268050520480424e+07
4.000000000000000222e-01,4.000000000000000222e-01,1.255191353235080351e+04,6.808544832376080751e+07,9.923076908042249084e+07,6.808544832376080751e+07,9.923076908042249084e+07
5.000000000000000000e-01,4.000000000000000222e-01,1.521690426072246191e+04,7.506460378710477054e+07,1.125648529932591170e+08,7.506460378710477054e+07,1.125648529932591170e+08
6.000000000000000888e-01,4.000000000000000222e-01,1.072034691358833152e+04,7.002005606885789335e+07,9.532101357585075498e+07,7.002005606885789335e+07,9.532101357585075498e+07
7.000000000000000666e-01,4.000000000000000222e-01,3.123344774672776566e+03,5.666151474275324494e+07,6.048431405409409106e+07,5.666151474275324494e+07,6.048431405409409106e+07
8.000000000000000444e-01,4.000000000000000222e-01,-1.985907303410021086e+03,4.150733900254812837e+07,2.867485114782921597e+07,4.150733900254812837e+07,2.867485114782921597e+07
9.000000000000000222e-01,4.000000000000000222e-01,-2.322920812428038062e+03,2.936761309811940044e+07,1.194033226456891745e+07,2.936761309811940044e+07,1.194033226456891745e+07
1.000000000000000000e+00,4.000000000000000222e-01,2.273736754432320595e-13,2.118887261799775437e+07,7.883010711936639622e+06,2.118887261799775437e+07,7.883010711936639622e+06
1.100000000000000089e+00,4.000000000000000222e-01,1.481305252752574233e+03,1.535925531929872930e+07,6.926091032667248510e+06,1.535925531929872930e+07,6.926091032667248510e+06
1.200000000000000178e+00,4.000000000000000222e-01,7.780247190901892509e+02,1.038509206802908517e+07,3.205761177403084002e+06,1.038509206802908517e+07,3.205761177403084002e+06
1.300000000000000044e+00,4.000000000000000222e-01,-6.808812905078300446e+02,6.209085737882577814e+06,-1.675059372705812566e+06,6.209085737882577814e+06,-1.675059372705812566e+06
1.400000000000000133e+00,4.000000000000000222e-01,-9.878570189110336059e+02,3.466107418484084308e+06,-3.529317952006047592e+06,3.466107418484084308e+06,-3.529317952006047592e+06
1.500000000000000000e+00,4.000000000000000222e-01,3.183231456205248833e-12,2.176461335004718043e+06,-1.725411396537440829e+06,2.176461335004718043e+06,-1.725411396537440829e+06
1.600000000000000089e+00,4.000000000000000222e-01,8.437095998514334951e+02,1.531499673386966810e+06,3.804375525656598620e+05,1.531499673386966810e+06,3.804375525656598620e+05
1.700000000000000178e+00,4.000000000000000222e-01,4.946892140771120125e+02,7.949044329953845590e+05,-6.692921595152765804e+03,7.949044329953845590e+05,-6.692921595152765804e+03
1.800000000000000044e+00,4.000000000000000222e-01,-4.767741610508198846e+02,2.381603940848907951e+04,-1.851308746367944637e+06,2.381603940848907951e+04,-1.851308746367944637e+06
1.900000000000000133e+00,4.000000000000000222e-01,-7.547627247472191812e+02,-2.722354244819503510e+05,-2.130157727489154320e+06,-2.722354244819503510e+05,-2.130157727489154320e+06
2.000000000000000000e+00,4.000000000000000222e-01,-7.719007707631108423e-13,-3.103943477631550325e-10,-2.091935066128157262e-09,-3.103943477631550325e-10,-2.091935066128157262e-09
0.000000000000000000e+00,4.500000000000000111e-01,0.000000000000000000e+00,0.000000000000000000e+00,0.000000000000000000e+00,0.000000000000000000e+00,0.000000000000000000e+00
1.000000000000000056e-01,4.500000000000000111e-01,-1.457156128847749824e+04,1.284193241748912074e+07,-6.495993588622813113e+05,1.284193241748912074e+07,-6.495993588622813113e+05
2.000000000000000111e-01,4.500000000000000111e-01,-1.035803134148732534e+04,3.204335808780695125e+07,2.112987185131705925e+07,3.204335808780695125e+07,2.112987185131705925e+07
3.000000000000000444e-01,4.500000000000000111e-01,1.374030741292260245e+04,5.671858831025420129e+07,6.555990004484704882e+07,5.671858831025420129e+07,6.555990004484704882e+07
4.000000000000000222e-01,4.500000000000000111e-01,4.011876004793054744e+04,7.823724546652434766e+07,1.090913740605467558e+08,7.823724546652434766e+07,1.090913740605467558e+08
5.000000000000000000e-01,4.500000000000000111e-01,4.863667433135359897e+04,8.689095956725235283e+07,1.245214529366218001e+08,8.689095956725235283e+07,1.245214529366218001e+08
6.000000000000000888e-01,4.500000000000000111e-01,3.426465808168084186e+04,7.960067254943655431e+07,1.037786977680251002e+08,7.960067254943655431e+07,1.037786977680251002e+08
7.000000000000000666e-01,4.500000000000000111e-01,9.982917683355564805e+03,6.192653825633439422e+07,6.300445395204047114e+07,6.192653825633439422e+07,6.300445395204047114e+07
8.000000000000000444e-01,4.500000000000000111e-01,-6.347409769641551065e+03,4.320007001630651951e+07,2.717817742959601060e+07,4.320007001630651951e+07,2.717817742959601060e+07
9.000000000000000222e-01,4.500000000000000111e-01,-7.424581315347109012e+03,2.970320035569694266e+07,1.014506979619460925e+07,2.970320035569694266e+07,1.014506979619460925e+07
1.000000000000000000e+00,4.500000000000000111e-01,-1.818989403545856476e-12,2.178073846237720549e+07,7.877846230322879739e+06,2.178073846237720549e+07,7.877846230322879739e+06
1.100000000000000089e+00,4.500000000000000111e-01,4.734587267491278908e+03,1.631586366970653459e+07,8.072309574066134170e+06,1.631586366970653459e+07,8.072309574066134170e+06
1.200000000000000178e+00,4.500000000000000111e-01,2.486743310977225065e+03,1.101503320498969406e+07,3.803319176318401936e+06,1.101503320498969406e+07,3.803319176318401936e+06
1.300000000000000044e+00,4.500000000000000111e-01,-2.176250899482814475e+03,6.193511872306739911e+06,-2.228369498011889867e+06,6.193511872306739911e+06,-2.228369498011889867e+06
1.400000000000000133e+00,4.500000000000000111e-01,-3.157414891459445244e+03,3.208072836336747278e+06,-4.349100534511404112e+06,3.208072836336747278e+06,-4.349100534511404112e+06
1.500000000000000000e+00,4.500000000000000111e-01,1.170974428532645106e-11,2.199580171177716460e+06,-1.798673519226151519e+06,2.199580171177716460e+06,-1.798673519226151519e+06
1.600000000000000089e+00,4.500000000000000111e-01,2.696687074790242150e+03,1.844645753424534108e+06,9.635757580102189677e+05,1.844645753424534108e+06,9.635757580102189677e+05
1.700000000000000178e+00,4.500000000000000111e-01,1.581138830084188157e+03,9.855619262265053112e+05,3.270765947946010274e+05,9.855619262265053112e+05,3.270765947946010274e+05
1.800000000000000044e+00,4.500000000000000111e-01,-1.523878260868556936e+03,-1.416787235098947422e+05,-2.244986401960569900e+06,-1.416787235098947422e+05,-2.244986401960569900e+06
1.900000000000000133e+00,4.500000000000000111e-01,-2.412392705639110318e+03,-5.454042685012749862e+05,-2.722359580990748014e+06,-5.454042685012749862e+05,-2.722359580990748014e+06
2.000000000000000000e+00,4.500000000000000111e-01,-2.467169784371361955e-12,-5.914418341875160940e-10,-2.694215459059075713e-09,-5.914418341875160940e-10,-2.694215459059075713e-09
0.000000000000000000e+00,5.000000000000000000e-01,0.000000000000000000e+00,0.000000000000000000e+00,0.000000000000000000e+00,0.000000000000000000e+00,0.000000000000000000e+00
1.000000000000000056e-01,5.000000000000000000e-01,-1.917441797333936483e+04,1.237617206016709842e+07,-2.121046024931774009e+06,1.237617206016709842e+07,-2.121046024931774009e+06
2.000000000000000111e-01,5.000000000000000000e-01,-1.362992052743708336e+04,3.227000509849003330e+07,2.002147516370492801e+07,3.227000509849003330e+07,2.002147516370492801e+07
3.000000000000000444e-01,5.000000000000000000e-01,1.808058808536082506e+04,5.884296909915716946e+07,6.675947963829942048e+07,5.884296909915716946e+07,6.675947963829942048e+07
4.000000000000000222e-01,5.000000000000000000e-01,5.279145168468791235e+04,8.232269416473370790e+07,1.128319609198071957e+08,8.232269416473370790e+07,1.128319609198071957e+08
5.000000000000000000e-01,5.000000000000000000e-01,6.400000000000000000e+04,9.167240619355298579e+07,1.290789135554622859e+08,9.167240619355298579e+07,1.290789135554622859e+08
6.000000000000000888e-01,5.000000000000000000e-01,4.508815924146972975e+04,8.342661228078624606e+07,1.069448528449457437e+08,8.342661228078624606e+07,1.069448528449457437e+08
7.000000000000000666e-01,5.000000000000000000e-01,1.313631617536163685e+04,6.393930038509484380e+07,6.383768893600906432e+07,6.393930038509484380e+07,6.383768893600906432e+07
8.000000000000000444e-01,5.000000000000000000e-01,-8.352426041498081759e+03,4.373932333153457195e+07,2.646988124195563048e+07,4.373932333153457195e+07,2.646988124195563048e+07
9.000000000000000222e-01,5.000000000000000000e-01,-9.769853936659783358e+03,2.972301815046770871e+07,9.382239964365869761e+06,2.972301815046770871e+07,9.382239964365869761e+06
1.000000000000000000e+00,5.000000000000000000e-01,-2.728484105318784714e-12,2.196053371778126433e+07,7.873003850260868669e+06,2.196053371778126433e+07,7.873003850260868669e+06
1.100000000000000089e+00,5.000000000000000000e-01,6.230146063340198452e+03,1.668200866713146493e+07,8.539738958868641406e+06,1.668200866713146493e+07,8.539738958868641406e+06
1.200000000000000178e+00,5.000000000000000000e-01,3.272254406587695485e+03,1.125480547832304053e+07,4.044102983108380809e+06,1.125480547832304053e+07,4.044102983108380809e+06
1.300000000000000044e+00,5.000000000000000000e-01,-2.863683824638339956e+03,6.163827758485547267e+06,-2.455369094687031582e+06,6.163827758485547267e+06,-2.455369094687031582e+06
1.400000000000000133e+00,5.000000000000000000e-01,-4.154777353334313375e+03,3.082516972850497812e+06,-4.680030806989811361e+06,3.082516972850497812e+06,-4.680030806989811361e+06
1.500000000000000000e+00,5.000000000000000000e-01,1.273292582482099533e-11,2.203479907006642316e+06,-1.822200494935657131e+06,2.203479907006642316e+06,-1.822200494935657131e+06
1.600000000000000089e+00,5.000000000000000000e-01,3.548515089883864221e+03,1.978598856797932414e+06,1.207077267871567979e+06,1.978598856797932414e+06,1.207077267871567979e+06
1.700000000000000178e+00,5.000000000000000000e-01,2.080588085360805508e+03,1.067496472547791898e+06,4.664216076032645651e+05,1.067496472547791898e+06,4.664216076032645651e+05
1.800000000000000044e+00,5.000000000000000000e-01,-2.005240079351314762e+03,-2.145127547215121740e+05,-2.404303095142359845e+06,-2.145127547215121740e+05,-2.404303095142359845e+06
1.900000000000000133e+00,5.000000000000000000e-01,-3.174417973339381660e+03,-6.648374231691134628e+05,-2.963547030428981408e+06,-6.648374231691134628e+05,-2.963547030428981408e+06
2.000000000000000000e+00,5.000000000000000000e-01,-3.246498005271255716e-12,-7.142351670309979365e-10,-2.939652549182626713e-09,-7.142351670309979365e-10,-2.939652549182626713e-09
0.000000000000000000e+00,5.500000000000000444e-01,0.000000000000000000e+00,0.000000000000000000e+00,0.000000000000000000e+00,0.000000000000000000e+00,0.000000000000000000e+00
1.000000000000000056e-01,5.500000000000000444e-01,-1.457156128847749460e+04,1.284193241748911701e+07,-6.495993588622859679e+05,1.284193241748911701e+07,-6.495993588622859679e+05
2.000000000000000111e-01,5.500000000000000444e-01,-1.035803134148731988e+04,3.204335808780695125e+07,2.112987185131705925e+07,3.204335808780695125e+07,2.112987185131705925e+07
3.000000000000000444e-01,5.500000000000000444e-01,1.374030741292259700e+04,5.671858831025420129e+07,6.555990004484702647e+07,5.671858831025420129e+07,6.555990004484702647e+07
4.000000000000000222e-01,5.500000000000000444e-01,4.011876004793053289e+04,7.823724546652433276e+07,1.090913740605467558e+08,7.823724546652433276e+07,1.090913740605467558e+08
5.000000000000000000e-01,5.500000000000000444e-01,4.863667433135357714e+04,8.689095956725233793e+07,1.245214529366218001e+08,8.689095956725233793e+07,1.245214529366218001e+08
6.000000000000000888e-01,5.500000000000000444e-01,3.426465808168083458e+04,7.960067254943653941e+07,1.037786977680251002e+08,7.960067254943653941e+07,1.037786977680251002e+08
7.000000000000000666e-01,5.500000000000000444e-01,9.982917683355557529e+03,6.192653825633439422e+07,6.300445395204047114e+07,6.192653825633439422e+07,6.300445395204047114e+07
8.000000000000000444e-01,5.500000000000000444e-01,-6.347409769641546518e+03,4.320007001630651951e+07,2.717817742959601805e+07,4.320007001630651951e+07,2.717817742959601805e+07
9.000000000000000222e-01,5.500000000000000444e-01,-7.424581315347102645e+03,2.970320035569694638e+07,1.014506979619459435e+07,2.970320035569694638e+07,1.014506979619459435e+07
1.000000000000000000e+00,5.500000000000000444e-01,6.821210263296961784e-13,2.178073846237719804e+07,7.877846230322878808e+06,2.178073846237719804e+07,7.877846230322878808e+06
1.100000000000000089e+00,5.500000000000000444e-01,4.734587267491276179e+03,1.631586366970652714e+07,8.072309574066131376e+06,1.631586366970652714e+07,8.072309574066131376e+06
1.200000000000000178e+00,5.500000000000000444e-01,2.486743310977225974e+03,1.101503320498968847e+07,3.803319176318402868e+06,1.101503320498968847e+07,3.803319176318402868e+06
1.300000000000000044e+00,5.500000000000000444e-01,-2.176250899482812656e+03,6.193511872306739911e+06,-2.228369498011886608e+06,6.193511872306739911e+06,-2.228369498011886608e+06
1.400000000000000133e+00,5.500000000000000444e-01,-3.157414891459442515e+03,3.208072836336754728e+06,-4.349100534511402249e+06,3.208072836336754728e+06,-4.349100534511402249e+06
1.500000000000000000e+00,5.500000000000000444e-01,9.436007530894130468e-12,2.199580171177715063e+06,-1.798673519226153381e+06,2.199580171177715063e+06,-1.798673519226153381e+06
1.600000000000000089e+00,5.500000000000000444e-01,2.696687074790239421e+03,1.844645753424536204e+06,9.635757580102202483e+05,1.844645753424536204e+06,9.635757580102202483e+05
1.700000000000000178e+00,5.500000000000000444e-01,1.581138830084186793e+03,9.855619262265034486e+05,3.270765947946040542e+05,9.855619262265034486e+05,3.270765947946040542e+05
1.800000000000000044e+00,5.500000000000000444e-01,-1.523878260868555799e+03,-1.416787235098934325e+05,-2.244986401960568968e+06,-1.416787235098934325e+05,-2.244986401960568968e+06
1.900000000000000133e+00,5.500000000000000444e-01,-2.412392705639108499e+03,-5.454042685012737056e+05,-2.722359580990750808e+06,-5.454042685012737056e+05,-2.722359580990750808e+06
2.000000000000000000e+00,5.500000000000000444e-01,-2.467169784371359935e-12,-5.914418341875169212e-10,-2.694215459059076127e-09,-5.914418341875169212e-10,-2.694215459059076127e-09
0.000000000000000000e+00,6.000000000000000888e-01,0.000000000000000000e+00,0.000000000000000000e+00,0.000000000000000000e+00,0.000000000000000000e+00,0.000000000000000000e+00
1.000000000000000056e-01,6.000000000000000888e-01,-4.558988789927811013e+03,1.373612235433870554e+07,2.884083504412510432e+06,1.373612235433870554e+07,2.884083504412510432e+06
2.000000000000000111e-01,6.000000000000000888e-01,-3.240706183551015783e+03,3.114606297392753884e+07,2.361778122405820712e+07,3.114606297392753884e+07,2.361778122405820712e+07
3.000000000000000444e-01,6.000000000000000888e-01,4.298915279257715156e+03,5.124733343786605448e+07,6.215268050520480424e+07,5.124733343786605448e+07,6.215268050520480424e+07
4.000000000000000222e-01,6.000000000000000888e-01,1.255191353235075621e+04,6.808544832376079261e+07,9.923076908042249084e+07,6.808544832376079261e+07,9.923076908042249084e+07
5.000000000000000000e-01,6.000000000000000888e-01,1.521690426072240189e+04,7.506460378710477054e+07,1.125648529932591170e+08,7.506460378710477054e+07,1.125648529932591170e+08
6.000000000000000888e-01,6.000000000000000888e-01,1.072034691358829150e+04,7.002005606885789335e+07,9.532101357585074008e+07,7.002005606885789335e+07,9.532101357585074008e+07
7.000000000000000666e-01,6.000000000000000888e-01,3.123344774672764743e+03,5.666151474275323004e+07,6.048431405409409106e+07,5.666151474275323004e+07,6.048431405409409106e+07
8.000000000000000444e-01,6.000000000000000888e-01,-1.985907303410012901e+03,4.150733900254812837e+07,2.867485114782922342e+07,4.150733900254812837e+07,2.867485114782922342e+07
9.000000000000000222e-01,6.000000000000000888e-01,-2.322920812428026693e+03,2.936761309811939672e+07,1.194033226456891932e+07,2.936761309811939672e+07,1.194033226456891932e+07
1.000000000000000000e+00,6.000000000000000888e-01,-2.273736754432320595e-13,2.118887261799775437e+07,7.883010711936641484e+06,2.118887261799775437e+07,7.883010711936641484e+06
1.100000000000000089e+00,6.000000000000000888e-01,1.481305252752567867e+03,1.535925531929873303e+07,6.926091032667246647e+06,1.535925531929873303e+07,6.926091032667246647e+06
1.200000000000000178e+00,6.000000000000000888e-01,7.780247190901872045e+02,1.038509206802908331e+07,3.205761177403076086e+06,1.038509206802908331e+07,3.205761177403076086e+06
1.300000000000000044e+00,6.000000000000000888e-01,-6.808812905078277709e+02,6.209085737882576883e+06,-1.675059372705810471e+06,6.209085737882576883e+06,-1.675059372705810471e+06
1.400000000000000133e+00,6.000000000000000888e-01,-9.878570189110288311e+02,3.466107418484090362e+06,-3.529317952006044798e+06,3.466107418484090362e+06,-3.529317952006044798e+06
1.500000000000000000e+00,6.000000000000000888e-01,2.501110429875552654e-12,2.176461335004718043e+06,-1.725411396537442692e+06,2.176461335004718043e+06,-1.725411396537442692e+06
1.600000000000000089e+00,6.000000000000000888e-01,8.437095998514305393e+02,1.531499673386966577e+06,3.804375525656570680e+05,1.531499673386966577e+06,3.804375525656570680e+05
1.700000000000000178e+00,6.000000000000000888e-01,4.946892140771109894e+02,7.949044329953839770e+05,-6.692921595156347394e+03,7.949044329953839770e+05,-6.692921595156347394e+03
1.800000000000000044e+00,6.000000000000000888e-01,-4.767741610508192025e+02,2.381603940848985803e+04,-1.851308746367945103e+06,2.381603940848985803e+04,-1.851308746367945103e+06
1.900000000000000133e+00,6.000000000000000888e-01,-7.547627247472150884e+02,-2.722354244819498854e+05,-2.130157727489155252e+06,-2.722354244819498854e+05,-2.130157727489155252e+06
2.000000000000000000e+00,6.000000000000000888e-01,-7.719007707631086208e-13,-3.103943477631545672e-10,-2.091935066128156021e-09,-3.103943477631545672e-10,-2.091935066128156021e-09
0.000000000000000000e+00,6.500000000000000222e-01,0.000000000000000000e+00,0.000000000000000000e+00,0.000000000000000000e+00,0.000000000000000000e+00,0.000000000000000000e+00
1.000000000000000056e-01,6.500000000000000222e-01,3.103159678585357142e+03,1.401427362881161086e+07,6.523062508047836833e+06,1.401427362881161086e+07,6.523062508047836833e+06
2.000000000000000111e-01,6.500000000000000222e-01,2.205846344951635729e+03,2.916590856845586747e+07,2.563697643782971427e+07,2.916590856845586747e+07,2.563697643782971427e+07
3.000000000000000444e-01,6.500000000000000222e-01,-2.926135854012110940e+03,4.441970202046262473e+07,5.700204207301012427e+07,4.441970202046262473e+07,5.700204207301012427e+07
4.000000000000000222e-01,6.500000000000000222e-01,-8.543691102889837566e+03,5.643318777747080475e+07,8.634237642552058399e+07,5.643318777747080475e+07,8.634237642552058399e+07
5.000000000000000000e-01,6.500000000000000222e-01,-1.035766612084939152e+04,6.164718394856496155e+07,9.710419831965833902e+07,6.164718394856496155e+07,9.710419831965833902e+07
6.000000000000000888e-01,6.500000000000000222e-01,-7.297001553544269882e+03,5.881379014716486633e+07,8.395763896489025652e+07,5.881379014716486633e+07,8.395763896489025652e+07
7.000000000000000666e-01,6.500000000000000222e-01,-2.125962140661079502e+03,4.986410961520469934e+07,5.627535620493288338e+07,4.986410961520469934e+07,5.627535620493288338e+07
8.000000000000000444e-01,6.500000000000000222e-01,1.351744378701950382e+03,3.854897056114277989e+07,2.957261532771994546e+07,3.854897056114277989e+07,2.957261532771994546e+07
9.000000000000000222e-01,6.500000000000000222e-01,1.581138830084190658e+03,2.814863067629154399e+07,1.365681400706444308e+07,2.814863067629154399e+07,1.365681400706444308e+07
1.000000000000000000e+00,6.500000000000000222e-01,4.547473508864641190e-13,2.007478369980284199e+07,7.846796376453646459e+06,2.007478369980284199e+07,7.846796376453646459e+06
1.100000000000000089e+00,6.500000000000000222e-01,-1.008277700128157221e+03,1.410949222174233384e+07,5.657268826045885682e+06,1.410949222174233384e+07,5.657268826045885682e+06
1.200000000000000178e+00,6.500000000000000222e-01,-5.295768532173970016e+02,9.553097477672111243e+06,2.526920786743921693e+06,9.553097477672111243e+06,2.526920786743921693e+06
1.300000000000000044e+00,6.500000000000000222e-01,4.634543895512656491e+02,6.055594764636442997e+06,-1.075660640442808159e+06,6.055594764636442997e+06,-1.075660640442808159e+06
1.400000000000000133e+00,6.500000000000000222e-01,6.724030723797370683e+02,3.605509354321511462e+06,-2.603309354624149390e+06,3.605509354321511462e+06,-2.603309354624149390e+06
1.500000000000000000e+00,6.500000000000000222e-01,-3.183231456205248833e-12,2.108431156526811421e+06,-1.598745009056055220e+06,2.108431156526811421e+06,-1.598745009056055220e+06
1.600000000000000089e+00,6.500000000000000222e-01,-5.742864769658285695e+02,1.224906984627427766e+06,-2.185718939938502735e+05,1.224906984627427766e+06,-2.185718939938502735e+05
1.700000000000000178e+00,6.500000000000000222e-01,-3.367193237997584561e+02,6.111871698943643132e+05,-3.489747723656221642e+05,6.111871698943643132e+05,-3.489747723656221642e+05
1.800000000000000044e+00,6.500000000000000222e-01,3.245251130322897097e+02,1.700354849852025509e+05,-1.408718103146329289e+06,1.700354849852025509e+05,-1.408718103146329289e+06
1.900000000000000133e+00,6.500000000000000222e-01,5.137431483730097170e+02,-2.486482573758518265e+04,-1.476482672970715212e+06,-2.486482573758518265e+04,-1.476482672970715212e+06
2.000000000000000000e+00,6.500000000000000222e-01,5.254084750094247375e-13,-5.525636532938889722e-11,-1.428323252890945046e-09,-5.525636532938889722e-11,-1.428323252890945046e-09
0.000000000000000000e+00,7.000000000000000666e-01,0.000000000000000000e+00,0.000000000000000000e+00,0.000000000000000000e+00,0.000000000000000000e+00,0.000000000000000000e+00
1.000000000000000056e-01,7.000000000000000666e-01,3.878107499419994383e+03,1.302391900804466568e+07,8.662240479300899431e+06,1.302391900804466568e+07,8.662240479300899431e+06
2.000000000000000111e-01,7.000000000000000666e-01,2.756709334669133113e+03,2.596526141421786323e+07,2.570925217323987558e+07,2.596526141421786323e+07,2.570925217323987558e+07
3.000000000000000444e-01,7.000000000000000666e-01,-3.656875757337523282e+03,3.784164037748862803e+07,5.060665090984222293e+07,3.784164037748862803e+07,5.060665090984222293e+07
4.000000000000000222e-01,7.000000000000000666e-01,-1.067729539265910898e+04,4.673611555590122938e+07,7.316779219696500897e+07,4.673611555590122938e+07,7.316779219696500897e+07
5.000000000000000000e-01,7.000000000000000666e-01,-1.294427190999915183e+04,5.073970294915033877e+07,8.158350169822859764e+07,5.073970294915033877e+07,8.158350169822859764e+07
6.000000000000000888e-01,7.000000000000000666e-01,-9.119271767858204839e+03,4.914472003757546097e+07,7.186561966319106519e+07,4.914472003757546097e+07,7.186561966319106519e+07
7.000000000000000666e-01,7.000000000000000666e-01,-2.656875757337516916e+03,4.296033702021757513e+07,5.050702986405055225e+07,4.296033702021757513e+07,5.050702986405055225e+07
8.000000000000000444e-01,7.000000000000000666e-01,1.689313652957951945e+03,3.438967585436714441e+07,2.876125514116024226e+07,3.438967585436714441e+07,2.876125514116024226e+07
9.000000000000000222e-01,7.000000000000000666e-01,1.975994466829685052e+03,2.571141443212429062e+07,1.434067174061727710e+07,2.571141443212429062e+07,1.434067174061727710e+07
1.000000000000000000e+00,7.000000000000000666e-01,0.000000000000000000e+00,1.836873375812193751e+07,7.676006875133944675e+06,1.836873375812193751e+07,7.676006875133944675e+06
1.100000000000000089e+00,7.000000000000000666e-01,-1.260073510670098585e+03,1.276325786336231604e+07,4.685925253564538434e+06,1.276325786336231604e+07,4.685925253564538434e+06
1.200000000000000178e+00,7.000000000000000666e-01,-6.618273562119369444e+02,8.645540936877995729e+06,1.987527397845279658e+06,8.645540936877995729e+06,1.987527397845279658e+06
1.300000000000000044e+00,7.000000000000000666e-01,5.791922201622649027e+02,5.629151645666750148e+06,-6.506153027323699789e+05,5.629151645666750148e+06,-6.506153027323699789e+05
1.400000000000000133e+00,7.000000000000000666e-01,8.403213716729050020e+02,3.454722611046450213e+06,-1.880346254318436841e+06,3.454722611046450213e+06,-1.880346254318436841e+06
1.500000000000000000e+00,7.000000000000000666e-01,-2.501110429875552654e-12,1.973645337572575081e+06,-1.422295661231841659e+06,1.973645337572575081e+06,-1.422295661231841659e+06
1.600000000000000089e+00,7.000000000000000666e-01,-7.177022531279982331e+02,1.046118129372203024e+06,-5.781737205445196014e+05,1.046118129372203024e+06,-5.781737205445196014e+05
1.700000000000000178e+00,7.000000000000000666e-01,-4.208077798377302656e+02,5.104550029377941974e+05,-5.509942569407336414e+05,5.104550029377941974e+05,-5.509942569407336414e+05
1.800000000000000044e+00,7.000000000000000666e-01,4.055683254992467823e+02,2.211264967287228792e+05,-1.064475570075104246e+06,2.211264967287228792e+05,-1.064475570075104246e+06
1.900000000000000133e+00,7.000000000000000666e-01,6.420395219202093813e+02,7.576243928270503238e+04,-9.925060077518345788e+05,7.576243928270503238e+04,-9.925060077518345788e+05
2.000000000000000000e+00,7.000000000000000666e-01,6.566180146172030554e-13,4.995237317008664102e-11,-9.395490084828062708e-10,4.995237317008664102e-11,-9.395490084828062708e-10
0.000000000000000000e+00,7.500000000000000000e-01,0.000000000000000000e+00,0.000000000000000000e+00,0.000000000000000000e+00,0.000000000000000000e+00,0.000000000000000000e+00
1.000000000000000056e-01,7.500000000000000000e-01,1.818989403545856476e-12,1.100079720211703517e+07,8.961542306942591444e+06,1.100079720211703517e+07,8.961542306942591444e+06
2.000000000000000111e-01,7.500000000000000000e-01,1.591615728102624416e-12,2.189417879137029871e+07,2.360181025610687584e+07,2.189417879137029871e+07,2.360181025610687584e+07
3.000000000000000444e-01,7.500000000000000000e-01,-1.989519660128280520e-12,3.184086253299599513e+07,4.332233407975881547e+07,3.184086253299599513e+07,4.332233407975881547e+07
4.000000000000000222e-01,7.500000000000000000e-01,-4.774847184307873249e-12,3.925632820153634250e+07,6.072101549984475225e+07,3.925632820153634250e+07,6.072101549984475225e+07
5.000000000000000000e-01,7.500000000000000000e-01,-5.684341886080801487e-12,4.259724015412874520e+07,6.725470168432554603e+07,4.259724015412874520e+07,6.725470168432554603e+07
6.000000000000000888e-01,7.500000000000000000e-01,-3.865352482534945011e-12,4.132999323794657737e+07,5.996471244260935485e+07,4.132999323794657737e+07,5.996471244260935485e+07
7.000000000000000666e-01,7.500000000000000000e-01,-1.364242052659392357e-12,3.631615100571095943e+07,4.347963161190939695e+07,3.631615100571095943e+07,4.347963161190939695e+07
8.000000000000000444e-01,7.500000000000000000e-01,1.591615728102624416e-12,2.934785005678026006e+07,2.606779347681791335e+07,2.934785005678026006e+07,2.606779347681791335e+07
9.000000000000000222e-01,7.500000000000000000e-01,1.136868377216160297e-13,2.223415354456419870e+07,1.371206457818509638e+07,2.223415354456419870e+07,1.371206457818509638e+07
1.000000000000000000e+00,7.500000000000000000e-01,0.000000000000000000e+00,1.610250799537102692e+07,7.240499259806919843e+06,1.610250799537102692e+07,7.240499259806919843e+06
1.100000000000000089e+00,7.500000000000000000e-01,-3.410605131648480892e-13,1.128401327743120305e+07,4.034010600559337065e+06,1.128401327743120305e+07,4.034010600559337065e+06
1.200000000000000178e+00,7.500000000000000000e-01,-6.821210263296961784e-13,7.642915039941647090e+06,1.624355058726253919e+06,7.642915039941647090e+06,1.624355058726253919e+06
1.300000000000000044e+00,7.500000000000000000e-01,0.000000000000000000e+00,4.950628096528115682e+06,-4.306958378993378137e+05,4.950628096528115682e+06,-4.306958378993378137e+05
1.400000000000000133e+00,7.500000000000000000e-01,1.023181539494544268e-12,3.039353494090128690e+06,-1.419300117607611697e+06,3.039353494090128690e+06,-1.419300117607611697e+06
1.500000000000000000e+00,7.500000000000000000e-01,-2.273736754432320595e-13,1.766474870028962381e+06,-1.209845260040501598e+06,1.766474870028962381e+06,-1.209845260040501598e+06
1.600000000000000089e+00,7.500000000000000000e-01,2.273736754432320595e-13,9.656884576799006900e+05,-6.629970603722293163e+05,9.656884576799006900e+05,-6.629970603722293163e+05
1.700000000000000178e+00,7.500000000000000000e-01,-5.684341886080801487e-14,4.753396238131269929e+05,-5.879933700499576516e+05,4.753396238131269929e+05,-5.879933700499576516e+05
1.800000000000000044e+00,7.500000000000000000e-01,6.821210263296961784e-13,1.892437745316752989e+05,-8.416281619847867405e+05,1.892437745316752989e+05,-8.416281619847867405e+05
1.900000000000000133e+00,7.500000000000000000e-01,9.094947017729282379e-13,5.065693498404930870e+04,-7.165116706831593765e+05,5.065693498404930870e+04,-7.165116706831593765e+05
2.000000000000000000e+00,7.500000000000000000e-01,4.038967834731580444e-28,2.688405177478958487e-11,-6.651314989683206118e-10,2.688405177478958487e-11,-6.651314989683206118e-10
0.000000000000000000e+00,8.000000000000000444e-01,0.000000000000000000e+00,0.000000000000000000e+00,0.000000000000000000e+00,0.000000000000000000e+00,0.000000000000000000e+00
1.000000000000000056e-01,8.000000000000000444e-01,-2.817610026505152746e+03,8.703254618091218174e+06,8.077648013833311386e+06,8.703254618091218174e+06,8.077648013833311386e+06
2.000000000000000111e-01,8.000000000000000444e-01,-2.002866568986490392e+03,1.753551698564403132e+07,2.005162290594172478e+07,1.753551698564403132e+07,2.005162290594172478e+07
3.000000000000000444e-01,8.000000000000000444e-01,2.656875757337526920e+03,2.582863017562660202e+07,3.535419310978915542e+07,2.582863017562660202e+07,3.535419310978915542e+07
4.000000000000000222e-01,8.000000000000000444e-01,7.757509186842549752e+03,3.210198300182997435e+07,4.858340104656605422e+07,3.210198300182997435e+07,4.858340104656605422e+07
5.000000000000000000e-01,8.000000000000000444e-01,9.404564036679574201e+03,3.489422301858321577e+07,5.354900051089661568e+07,3.489422301858321577e+07,5.354900051089661568e+07
6.000000000000000888e-01,8.000000000000000444e-01,6.625538763787622884e+03,3.374494511231332272e+07,4.809595244790006429e+07,3.374494511231332272e+07,4.809595244790006429e+07
7.000000000000000666e-01,8.000000000000000444e-01,1.930333229332157316e+03,2.951581676895149425e+07,3.557592342586536705e+07,2.951581676895149425e+07,3.557592342586536705e+07
8.000000000000000444e-01,8.000000000000000444e-01,-1.227358212014043829e+03,2.383936948937850446e+07,2.205632115471892059e+07,2.383936948937850446e+07,2.205632115471892059e+07
9.000000000000000222e-01,8.000000000000000444e-01,-1.435644015255045588e+03,1.820468213923709840e+07,1.206067443996802904e+07,1.820468213923709840e+07,1.206067443996802904e+07
1.000000000000000000e+00,8.000000000000000444e-01,-4.547473508864641190e-13,1.338725674241455644e+07,6.429865915948496200e+06,1.338725674241455644e+07,6.429865915948496200e+06
1.100000000000000089e+00,8.000000000000000444e-01,9.154969939148450067e+02,9.508432797500526533e+06,3.440918815448542126e+06,9.508432797500526533e+06,3.440918815448542126e+06
1.200000000000000178e+00,8.000000000000000444e-01,4.808457204853259555e+02,6.444092512692698278e+06,1.333627103594971122e+06,6.444092512692698278e+06,1.333627103594971122e+06
1.300000000000000044e+00,8.000000000000000444e-01,-4.208077798377307772e+02,4.120313212349229027e+06,-3.078557508171900408e+05,4.120313212349229027e+06,-3.078557508171900408e+05
1.400000000000000133e+00,8.000000000000000444e-01,-6.105292137121655287e+02,2.508894224327205680e+06,-1.089103278373872628e+06,2.508894224327205680e+06,-1.089103278373872628e+06
1.500000000000000000e+00,8.000000000000000444e-01,1.591615728102624416e-12,1.495714588851784356e+06,-9.790465934296194464e+05,1.495714588851784356e+06,-9.790465934296194464e+05
1.600000000000000089e+00,8.000000000000000444e-01,5.214412093427583841e+02,8.659321138438468333e+05,-6.016546797079032985e+05,8.659321138438468333e+05,-6.016546797079032985e+05
1.700000000000000178e+00,8.000000000000000444e-01,3.057347481676290499e+02,4.331266190243319725e+05,-5.295860668934228597e+05,4.331266190243319725e+05,-5.295860668934228597e+05
1.800000000000000044e+00,8.000000000000000444e-01,-2.946626364871228816e+02,1.402400089582345681e+05,-6.710711451822319068e+05,1.402400089582345681e+05,-6.710711451822319068e+05
1.900000000000000133e+00,8.000000000000000444e-01,-4.664690173352628335e+02,7.005276354645924584e+03,-5.421076106861729641e+05,7.005276354645924584e+03,-5.421076106861729641e+05
2.000000000000000000e+00,8.000000000000000444e-01,-4.770609122738441661e-13,-1.439436821769164802e-11,-4.968460631108796877e-10,-1.439436821769164802e-11,-4.968460631108796877e-10
0.000000000000000000e+00,8.500000000000000888e-01,0.000000000000000000e+00,0.000000000000000000e+00,0.000000000000000000e+00,0.000000000000000000e+00,0.000000000000000000e+00
1.000000000000000056e-01,8.500000000000000888e-01,-1.581138830084180654e+03,6.640914626589899883e+06,6.709576655822334811e+06,6.640914626589899883e+06,6.709576655822334811e+06
2.000000000000000111e-01,8.500000000000000888e-01,-1.123934850427117226e+03,1.325627397575522959e+07,1.582512880896441266e+07,1.325627397575522959e+07,1.582512880896441266e+07
3.000000000000000444e-01,8.500000000000000888e-01,1.490940686297274169e+03,1.933331076794674620e+07,2.686017785789427161e+07,1.933331076794674620e+07,2.686017785789427161e+07
4.000000000000000222e-01,8.500000000000000888e-01,4.353228049541466135e+03,2.387236390902399644e+07,3.619507592515160888e+07,2.387236390902399644e+07,3.619507592515160888e+07
5.000000000000000000e-01,8.500000000000000888e-01,5.277494485938971593e+03,2.591571362036812678e+07,3.970968728665127605e+07,2.591571362036812678e+07,3.970968728665127605e+07
6.000000000000000888e-01,8.500000000000000888e-01,3.718007996531165190e+03,2.516964576078620553e+07,3.594669688013632596e+07,2.516964576078620553e+07,3.594669688013632596e+07
7.000000000000000666e-01,8.500000000000000888e-01,1.083231815328466155e+03,2.221067851162112132e+07,2.711900504238355532e+07,2.221067851162112132e+07,2.711900504238355532e+07
8.000000000000000444e-01,8.500000000000000888e-01,-6.887481621596739387e+02,1.813801978616825119e+07,1.732835973320111260e+07,1.813801978616825119e+07,1.732835973320111260e+07
9.000000000000000222e-01,8.500000000000000888e-01,-8.056304731117369329e+02,1.398626859900709242e+07,9.764061205216517672e+06,1.398626859900709242e+07,9.764061205216517672e+06
1.000000000000000000e+00,8.500000000000000888e-01,5.115907697472721338e-13,1.034314783685302734e+07,5.213790345346606337e+06,1.034314783685302734e+07,5.213790345346606337e+06
1.100000000000000089e+00,8.500000000000000888e-01,5.137431483730043738e+02,7.361123766083504073e+06,2.685532153845742811e+06,7.361123766083504073e+06,2.685532153845742811e+06
1.200000000000000178e+00,8.500000000000000888e-01,2.698328841774383022e+02,4.999768134389515966e+06,1.013856588865294820e+06,4.999768134389515966e+06,1.013856588865294820e+06
1.300000000000000044e+00,8.500000000000000888e-01,-2.361418061562727360e+02,3.214716735798310023e+06,-1.852715111897802853e+05,3.214716735798310023e+06,-1.852715111897802853e+05
1.400000000000000133e+00,8.500000000000000888e-01,-3.426064776957176718e+02,1.970514849268978229e+06,-7.633535535566100152e+05,1.970514849268978229e+06,-7.633535535566100152e+05
1.500000000000000000e+00,8.500000000000000888e-01,1.534772309241816401e-12,1.174079734569657361e+06,-7.418077177539025433e+05,1.174079734569657361e+06,-7.418077177539025433e+05
1.600000000000000089e+00,8.500000000000000888e-01,2.926135753145823628e+02,6.732329975067622727e+05,-5.149745085413516499e+05,6.732329975067622727e+05,-5.149745085413516499e+05
1.700000000000000178e+00,8.500000000000000888e-01,1.715670648125303615e+02,3.373489921239330433e+05,-4.440986956790921977e+05,3.373489921239330433e+05,-4.440986956790921977e+05
1.800000000000000044e+00,8.500000000000000888e-01,-1.653538040900059798e+02,1.180223239764888567e+05,-4.893743353714068653e+05,1.180223239764888567e+05,-4.893743353714068653e+05
1.900000000000000133e+00,8.500000000000000888e-01,-2.617652085994399158e+02,1.576979366631970333e+04,-3.689523955484413891e+05,1.576979366631970333e+04,-3.689523955484413891e+05
2.000000000000000000e+00,8.500000000000000888e-01,-2.677089893973576454e-13,-1.029357957698406581e-12,-3.322173986892739152e-10,-1.029357957698406581e-12,-3.322173986892739152e-10
0.000000000000000000e+00,9.000000000000000222e-01,0.000000000000000000e+00,0.000000000000000000e+00,0.000000000000000000e+00,0.000000000000000000e+00,0.000000000000000000e+00
1.000000000000000056e-01,9.000000000000000222e-01,1.481305252752579463e+03,4.707881995842374861e+06,4.994780447666158900e+06,4.707881995842374861e+06,4.994780447666158900e+06
2.000000000000000111e-01,9.000000000000000222e-01,1.052969268739503150e+03,9.020358678594904020e+06,1.112538637719834223e+07,9.020358678594904020e+06,1.112538637719834223e+07
3.000000000000000444e-01,9.000000000000000222e-01,-1.396802246667425379e+03,1.257142381715422124e+07,1.802491378823376447e+07,1.257142381715422124e+07,1.802491378823376447e+07
4.000000000000000222e-01,9.000000000000000222e-01,-4.078363932073139949e+03,1.504940743551453575e+07,2.369031003929864243e+07,1.504940743551453575e+07,2.369031003929864243e+07
5.000000000000000000e-01,9.000000000000000222e-01,-4.944271909999171839e+03,1.623051571431145445e+07,2.585279694502288476e+07,1.623051571431145445e+07,2.585279694502288476e+07
6.000000000000000888e-01,9.000000000000000222e-01,-3.483251862674504082e+03,1.603663205484582111e+07,2.366481046946389973e+07,1.603663205484582111e+07,2.366481046946389973e+07
7.000000000000000666e-01,9.000000000000000222e-01,-1.014836235417315038e+03,1.460104713190198131e+07,1.830033389980040491e+07,1.460104713190198131e+07,1.830033389980040491e+07
8.000000000000000444e-01,9.000000000000000222e-01,6.452603977706951355e+02,1.228657727040828206e+07,1.207862218169038557e+07,1.228657727040828206e+07,1.207862218169038557e+07
9.000000000000000222e-01,9.000000000000000222e-01,7.547627247472164527e+02,9.605372011598568410e+06,6.964180881765517406e+06,9.605372011598568410e+06,6.964180881765517406e+06
1.000000000000000000e+00,9.000000000000000222e-01,0.000000000000000000e+00,7.053860672575388104e+06,3.656909327778033912e+06,7.053860672575388104e+06,3.656909327778033912e+06
1.100000000000000089e+00,9.000000000000000222e-01,-4.813052527525752566e+02,4.950341265611042269e+06,1.775833398092454532e+06,4.950341265611042269e+06,1.775833398092454532e+06
1.200000000000000178e+00,9.000000000000000222e-01,-2.527955553884773963e+02,3.374441416862417478e+06,6.561175323679042049e+05,3.374441416862417478e+06,6.561175323679042049e+05
1.300000000000000044e+00,9.000000000000000222e-01,2.212317420824738292e+02,2.236309265741723590e+06,-6.467546467120458692e+04,2.236309265741723590e+06,-6.467546467120458692e+04
1.400000000000000133e+00,9.000000000000000222e-01,3.209742025061177060e+02,1.407583691039878642e+06,-4.384619794475259841e+05,1.407583691039878642e+06,-4.384619794475259841e+05
1.500000000000000000e+00,9.000000000000000222e-01,-9.094947017729282379e-13,8.111014739659680054e+05,-5.005268165742455749e+05,8.111014739659680054e+05,-5.005268165742455749e+05
1.600000000000000089e+00,9.000000000000000222e-01,-2.741378668925153761e+02,4.203590717085860670e+05,-4.129624096127899247e+05,4.203590717085860670e+05,-4.129624096127899247e+05
1.700000000000000178e+00,9.000000000000000222e-01,-1.607342691676304582e+02,2.066859509939600248e+05,-3.400955762378638028e+05,2.066859509939600248e+05,-3.400955762378638028e+05
1.800000000000000044e+00,9.000000000000000222e-01,1.549133155803310729e+02,1.082228250490399078e+05,-2.971182721241468680e+05,1.082228250490399078e+05,-2.971182721241468680e+05
1.900000000000000133e+00,9.000000000000000222e-01,2.452372752527885496e+02,5.285124985485376237e+04,-1.935670360068992013e+05,5.285124985485376237e+04,-1.935670360068992013e+05
2.000000000000000000e+00,9.000000000000000222e-01,2.508057639582969997e-13,4.220447591292321313e-11,-1.671425076996298374e-10,4.220447591292321313e-11,-1.671425076996298374e-10
0.000000000000000000e+00,9.500000000000000666e-01,0.000000000000000000e+00,0.000000000000000000e+00,0.000000000000000000e+00,0.000000000000000000e+00,0.000000000000000000e+00
1.000000000000000056e-01,9.500000000000000666e-01,2.307908579330185148e+03,2.522846647872140631e+06,2.738249774393235333e+06,2.522846647872140631e+06,2.738249774393235333e+06
2.000000000000000111e-01,9.500000000000000666e-01,1.640550996885474206e+03,4.615083468519785441e+06,5.816406090677889064e+06,4.615083468519785441e+06,5.816406090677889064e+06
3.000000000000000444e-01,9.500000000000000666e-01,-2.176250899482822206e+03,6.079444966692052782e+06,9.032844487700784579e+06,6.079444966692052782e+06,9.032844487700784579e+06
4.000000000000000222e-01,9.500000000000000666e-01,-6.354187356705841012e+03,6.979069522079663351e+06,1.158946034119351581e+07,6.979069522079663351e+06,1.158946034119351581e+07
5.000000000000000000e-01,9.500000000000000666e-01,-7.703292443218174412e+03,7.456570368240542710e+06,1.258521636137613095e+07,7.456570368240542710e+06,1.258521636137613095e+07
6.000000000000000888e-01,9.500000000000000666e-01,-5.426988693178615904e+03,7.543081300635586493e+06,1.165214933987000212e+07,7.543081300635586493e+06,1.165214933987000212e+07
7.000000000000000666e-01,9.500000000000000666e-01,-1.581138830084184974e+03,7.148864360258260742e+06,9.224445332478340715e+06,7.148864360258260742e+06,9.224445332478340715e+06
8.000000000000000444e-01,9.500000000000000666e-01,1.005330943875168259e+03,6.228601159783159383e+06,6.258098377755494788e+06,6.228601159783159383e+06,6.258098377755494788e+06
9.000000000000000222e-01,9.500000000000000666e-01,1.175938156275260553e+03,4.933279330414379016e+06,3.662059670051612891e+06,4.933279330414379016e+06,3.662059670051612891e+06
1.000000000000000000e+00,9.500000000000000666e-01,-4.547473508864641190e-13,3.580200732152343728e+06,1.878851211447150679e+06,3.580200732152343728e+06,1.878851211447150679e+06
1.100000000000000089e+00,9.500000000000000666e-01,-7.498849545292819130e+02,2.463346901495220605e+06,8.564536563122021034e+05,2.463346901495220605e+06,8.564536563122021034e+05
1.200000000000000178e+00,9.500000000000000666e-01,-3.938614475399126604e+02,1.685100023067941424e+06,3.108148346237082151e+05,1.685100023067941424e+06,3.108148346237082151e+05
1.300000000000000044e+00,9.500000000000000666e-01,3.446842807203543089e+02,1.158274950466339244e+06,-2.795405887472180666e+02,1.158274950466339244e+06,-2.795405887472180666e+02
1.400000000000000133e+00,9.500000000000000666e-01,5.000853904561600984e+02,7.508521926960262936e+05,-1.803046070532561280e+05,7.508521926960262936e+05,-1.803046070532561280e+05
1.500000000000000000e+00,9.500000000000000666e-01,-1.364242052659392357e-12,4.152564064950133325e+05,-2.530213572792403284e+05,4.152564064950133325e+05,-2.530213572792403284e+05
1.600000000000000089e+00,9.500000000000000666e-01,-4.271132730710628493e+02,1.868404141401036468e+05,-2.429936057297509105e+05,1.868404141401036468e+05,-2.429936057297509105e+05
1.700000000000000178e+00,9.500000000000000666e-01,-2.504277886782760731e+02,8.885555690013193816e+04,-1.918803853663029149e+05,8.885555690013193816e+04,-1.918803853663029149e+05
1.800000000000000044e+00,9.500000000000000666e-01,2.413586054703937407e+02,7.158233180456529954e+04,-1.308774524538965634e+05,7.158233180456529954e+04,-1.308774524538965634e+05
1.900000000000000133e+00,9.500000000000000666e-01,3.820854685256440462e+02,5.291421895298305026e+04,-6.735623934616998304e+04,5.291421895298305026e+04,-6.735623934616998304e+04
2.000000000000000000e+00,9.500000000000000666e-01,3.907613054832645503e-13,4.810116724013590425e-11,-5.332239689756116832e-11,4.810116724013590425e-11,-5.332239689756116832e-11
0.000000000000000000e+00,1.000000000000000000e+00,0.000000000000000000e+00,0.000000000000000000e+00,0.000000000000000000e+00,0.000000000000000000e+00,0.000000000000000000e+00
1.000000000000000056e-01,1.000000000000000000e+00,2.348188959656353509e-12,2.025978881757178578e-09,2.212942555502386407e-09,2.025978881757178578e-09,2.212942555502386407e-09
2.000000000000000111e-01,1.000000000000000000e+00,1.669183854655863185e-12,3.634313895468473033e-09,4.615587062030950415e-09,3.634313895468473033e-09,4.615587062030950415e-09
3.000000000000000444e-01,1.000000000000000000e+00,-2.214233432543890322e-12,4.666242553329441457e-09,7.045026910994489997e-09,4.666242553329441457e-09,7.045026910994489997e-09
4.000000000000000222e-01,1.000000000000000000e+00,-6.465088232799521999e-12,5.248061195989564252e-09,8.946626613814171726e-09,5.248061195989564252e-09,8.946626613814171726e-09
5.000000000000000000e-01,1.000000000000000000e+00,-7.837739514543064022e-12,5.580417621471844438e-09,9.695021019366194240e-09,5.580417621471844438e-09,9.695021019366194240e-09
6.000000000000000888e-01,1.000000000000000000e+00,-5.521706989451205352e-12,5.712090362935981446e-09,9.021234829995907203e-09,5.712090362935981446e-09,9.021234829995907203e-09
7.000000000000000666e-01,1.000000000000000000e+00,-1.608734755674421912e-12,5.517959427974219774e-09,7.212617038647518655e-09,5.517959427974219774e-09,7.212617038647518655e-09
8.000000000000000444e-01,1.000000000000000000e+00,1.022877181683562364e-12,4.883029567887847026e-09,4.947100830418410064e-09,4.883029567887847026e-09,4.947100830418410064e-09
9.000000000000000222e-01,1.000000000000000000e+00,1.196462035166757649e-12,3.888403225888377634e-09,2.909779064860146638e-09,3.888403225888377634e-09,2.909779064860146638e-09
1.000000000000000000e+00,1.000000000000000000e+00,4.038967834731580444e-28,2.806151368156999797e-09,1.477106790368337375e-09,2.806151368156999797e-09,1.477106790368337375e-09
1.100000000000000089e+00,1.000000000000000000e+00,-7.629728434690059332e-13,1.913023376629094908e-09,6.544868614853105850e-10,1.913023376629094908e-09,6.544868614853105850e-10
1.200000000000000178e+00,1.000000000000000000e+00,-4.007355885023450377e-13,1.310598349562901939e-09,2.357133227178964030e-10,1.310598349562901939e-09,2.357133227178964030e-10
1.300000000000000044e+00,1.000000000000000000e+00,3.507001229613392467e-13,9.156101532309177915e-10,1.073614819074462869e-11,9.156101532309177915e-10,1.073614819074462869e-11
1.400000000000000133e+00,1.000000000000000000e+00,5.088134786930782191e-13,6.009832117618956937e-10,-1.271933581437089462e-10,6.009832117618956937e-10,-1.271933581437089462e-10
1.500000000000000000e+00,1.000000000000000000e+00,-1.817535525629211200e-27,3.264787705037985339e-10,-1.981563547976956233e-10,3.264787705037985339e-10,-1.981563547976956233e-10
1.600000000000000089e+00,1.000000000000000000e+00,-4.345677646552353994e-13,1.369540448154792746e-10,-2.018015743254465423e-10,1.369540448154792746e-10,-2.018015743254465423e-10
1.700000000000000178e+00,1.000000000000000000e+00,-2.547985539081224988e-13,6.389327858613863494e-11,-1.568539794622874204e-10,6.389327858613863494e-11,-1.568539794622874204e-10
1.800000000000000044e+00,1.000000000000000000e+00,2.455710844699580045e-13,6.188267714352661356e-11,-9.580044566956049353e-11,6.188267714352661356e-11,-9.580044566956049353e-11
1.900000000000000133e+00,1.000000000000000000e+00,3.887540810205909363e-13,5.059903249789815886e-11,-4.234964787244704172e-11,5.059903249789815886e-11,-4.234964787244704172e-11
2.000000000000000000e+00,1.000000000000000000e+00,3.975813390593712007e-28,4.704127774400277121e-26,-3.115048976923034988e-26,4.704127774400277121e-26,-3.115048976923034988e-26
